Log file open, 06/16/16 15:36:32
LogInit:Display: Running engine for game: LipSyncExample
LogPlatformFile: Not using cached read wrapper
LogInit:Display: RandInit(661853658) SRandInit(661853660).
LogTaskGraph: Started task graph with 4 named threads and 7 total threads.
LogStats: Stats thread started at 0.200504
LogInit: Version: 4.11.2-2946394+++UE4+Release-4.11
LogInit: API Version: 2927265
LogInit: Compiled (64-bit): Apr 18 2016 02:18:46
LogInit: Compiled with Visual C++: 19.00.23026.00
LogInit: Build Configuration: Development
LogInit: Branch Name: ++UE4+Release-4.11
LogInit: Command line:  
LogInit: Base directory: D:/Program Files/Epic Games/4.11/Engine/Binaries/Win64/
LogInit: Installed Engine Build: 1
LogInit: Using libcurl 7.41.0
LogInit:  - built for x86_64-pc-win32
LogInit:  - supports SSL with WinSSL
LogInit:  - other features:
LogInit:      CURL_VERSION_SSL
LogInit:      CURL_VERSION_IPV6
LogInit:      CURL_VERSION_ASYNCHDNS
LogInit:      CURL_VERSION_LARGEFILE
LogInit:      CURL_VERSION_IDN
LogInit:  CurlRequestOptions (configurable via config and command line):
LogInit:  - bVerifyPeer = true  - Libcurl will verify peer certificate
LogInit:  - bUseHttpProxy = false  - Libcurl will NOT use HTTP proxy
LogInit:  - bDontReuseConnections = false  - Libcurl will reuse connections
LogInit:  - CertBundlePath = nullptr  - Libcurl will use whatever was configured at build time.
LogInit: Presizing for max 16777216 objects, including 0 objects not considered by GC, pre-allocating 0 bytes for permanent pool.
LogInit: Object subsystem initialized
[2016.06.16-22.36.32:170][  0]LogInit: Selected Device Profile: [Windows]
[2016.06.16-22.36.32:170][  0]LogInit: Applying CVar settings loaded from the selected device profile: [Windows]
[2016.06.16-22.36.32:180][  0]LogInit: Computer: ROSSDEVPC
[2016.06.16-22.36.32:180][  0]LogInit: User: Ross
[2016.06.16-22.36.32:180][  0]LogInit: CPU Page size=65536, Cores=4
[2016.06.16-22.36.32:180][  0]LogInit: High frequency timer resolution =3.002304 MHz
[2016.06.16-22.36.32:180][  0]LogMemory: Memory total: Physical=12.0GB (12GB approx)
[2016.06.16-22.36.32:180][  0]LogMemory: Platform Memory Stats for Windows
[2016.06.16-22.36.32:180][  0]LogMemory: Process Physical Memory: 318.88 MB used, 318.88 MB peak
[2016.06.16-22.36.32:180][  0]LogMemory: Process Virtual Memory: 319.46 MB used, 319.46 MB peak
[2016.06.16-22.36.32:180][  0]LogMemory: Physical Memory: 6265.66 MB used, 12279.12 MB total
[2016.06.16-22.36.32:180][  0]LogMemory: Virtual Memory: 629.53 MB used, 8388608.00 MB total
[2016.06.16-22.36.32:215][  0]LogTextLocalizationManager: No specific translations for ('en-US') exist, so ('en') translations will be used.
[2016.06.16-22.36.32:639][  0]LogD3D11RHI: D3D11 adapters:
[2016.06.16-22.36.32:645][  0]LogD3D11RHI:    0. 'AMD Radeon HD 6900 Series' (Feature Level 11_0)
[2016.06.16-22.36.32:645][  0]LogD3D11RHI:       2030MB of dedicated video memory, 0MB of dedicated system memory, and 5883MB of shared system memory, 2 output[s]
[2016.06.16-22.36.32:645][  0]LogD3D11RHI: Chosen D3D11 Adapter: 0
[2016.06.16-22.36.32:650][  0]LogD3D11RHI: Creating new Direct3DDevice
[2016.06.16-22.36.32:650][  0]LogD3D11RHI:     Adapter Name: AMD Radeon HD 6900 Series
[2016.06.16-22.36.32:650][  0]LogD3D11RHI:   Driver Version: Catalyst 13.1 (internal 9.12.0.0)
[2016.06.16-22.36.32:650][  0]LogD3D11RHI:      Driver Date: 12-19-2012
[2016.06.16-22.36.32:650][  0]LogRHI: Texture pool is 1361 MB (70% of 1945 MB)
[2016.06.16-22.36.32:653][  0]LogD3D11RHI: Async texture creation disabled: no driver support
[2016.06.16-22.36.32:673][  0]LogShaderCompilers: Guid format shader working directory is 8 characters bigger than the processId version (../../../../../../ovrlipsync-example/Intermediate/Shaders/WorkingDirectory/19552/).
[2016.06.16-22.36.32:673][  0]LogShaderCompilers: Cleaned the shader compiler working directory 'C:/Users/Ross/AppData/Local/Temp/UnrealShaderWorkingDir/9C5C89C84DAC69A377017ABEF89F6846/'.
[2016.06.16-22.36.32:673][  0]LogShader